<?xml version="1.0" encoding="UTF-8"?>
<testng-results ignored="0" total="1" passed="1" failed="0" skipped="0">
  <reporter-output>
  </reporter-output>
  <suite started-at="2022-06-10T07:38:17 IST" name="Default suite" finished-at="2022-06-10T07:38:35 IST" duration-ms="17874">
    <groups>
    </groups>
    <test started-at="2022-06-10T07:38:17 IST" name="Default test" finished-at="2022-06-10T07:38:35 IST" duration-ms="17874">
      <class name="ExtentReportsDemo">
        <test-method is-config="true" signature="ExtentReportsDemo()[pri:0, instance:ExtentReportsDemo@76a4ebf2]" started-at="2022-06-10T07:38:17 IST" name="ExtentReportsDemo" finished-at="2022-06-10T07:38:18 IST" duration-ms="535" status="PASS">
          <reporter-output>
          </reporter-output>
        </test-method> <!-- ExtentReportsDemo -->
        <test-method signature="Demo()[pri:0, instance:ExtentReportsDemo@76a4ebf2]" started-at="2022-06-10T07:38:18 IST" name="Demo" finished-at="2022-06-10T07:38:35 IST" duration-ms="17275" status="PASS">
          <reporter-output>
          </reporter-output>
        </test-method> <!-- Demo -->
      </class> <!-- ExtentReportsDemo -->
    </test> <!-- Default test -->
  </suite> <!-- Default suite -->
</testng-results>
